Release 12.4 - xst M.81d (nt64)
Copyright (c) 1995-2010 Xilinx, Inc.  All rights reserved.
--> Parameter TMPDIR set to xst/projnav.tmp


Total REAL time to Xst completion: 0.00 secs
Total CPU time to Xst completion: 0.12 secs
 
--> Parameter xsthdpdir set to xst


Total REAL time to Xst completion: 0.00 secs
Total CPU time to Xst completion: 0.12 secs
 
--> Reading design: adder2.prj

TABLE OF CONTENTS
  1) Synthesis Options Summary
  2) HDL Parsing
  3) HDL Elaboration
  4) HDL Synthesis
       4.1) HDL Synthesis Report
  5) Advanced HDL Synthesis
       5.1) Advanced HDL Synthesis Report
  6) Low Level Synthesis
  7) Partition Report
  8) Design Summary
       8.1) Primitive and Black Box Usage
       8.2) Device utilization summary
       8.3) Partition Resource Summary
       8.4) Timing Report
            8.4.1) Clock Information
            8.4.2) Asynchronous Control Signals Information
            8.4.3) Timing Summary
            8.4.4) Timing Details
            8.4.5) Cross Clock Domains Report


=========================================================================
*                      Synthesis Options Summary                        *
=========================================================================
---- Source Parameters
Input File Name                    : "adder2.prj"
Input Format                       : mixed
Ignore Synthesis Constraint File   : NO

---- Target Parameters
Output File Name                   : "adder2"
Output Format                      : NGC
Target Device                      : xc6slx45-3-csg324

---- Source Options
Top Module Name                    : adder2
Automatic FSM Extraction           : YES
FSM Encoding Algorithm             : Auto
Safe Implementation                : No
FSM Style                          : LUT
RAM Extraction                     : Yes
RAM Style                          : Auto
ROM Extraction                     : Yes
Shift Register Extraction          : YES
ROM Style                          : Auto
Resource Sharing                   : YES
Asynchronous To Synchronous        : NO
Shift Register Minimum Size        : 2
Use DSP Block                      : Auto
Automatic Register Balancing       : No

---- Target Options
LUT Combining                      : Auto
Reduce Control Sets                : Auto
Add IO Buffers                     : YES
Global Maximum Fanout              : 100000
Add Generic Clock Buffer(BUFG)     : 16
Register Duplication               : YES
Optimize Instantiated Primitives   : NO
Use Clock Enable                   : Auto
Use Synchronous Set                : Auto
Use Synchronous Reset              : Auto
Pack IO Registers into IOBs        : Auto
Equivalent register Removal        : YES

---- General Options
Optimization Goal                  : Speed
Optimization Effort                : 1
Power Reduction                    : NO
Keep Hierarchy                     : No
Netlist Hierarchy                  : As_Optimized
RTL Output                         : Yes
Global Optimization                : AllClockNets
Read Cores                         : YES
Write Timing Constraints           : NO
Cross Clock Analysis               : NO
Hierarchy Separator                : /
Bus Delimiter                      : <>
Case Specifier                     : Maintain
Slice Utilization Ratio            : 100
BRAM Utilization Ratio             : 100
DSP48 Utilization Ratio            : 100
Auto BRAM Packing                  : NO
Slice Utilization Ratio Delta      : 5

=========================================================================


=========================================================================
*                          HDL Parsing                                  *
=========================================================================
Parsing VHDL file "\Users\Bogdan\Desktop\D3Reconstruction\StereoReconstructionPipeline\adder2.vhd" into library work
Parsing entity <adder2>.
Parsing architecture <Behavioral> of entity <adder2>.

=========================================================================
*                            HDL Elaboration                            *
=========================================================================

Elaborating entity <adder2> (architecture <Behavioral>) with generics from library <work>.

=========================================================================
*                           HDL Synthesis                               *
=========================================================================

Synthesizing Unit <adder2>.
    Related source file is "/users/bogdan/desktop/d3reconstruction/stereoreconstructionpipeline/adder2.vhd".
        OPERATOR_SIZE = 10
    Found 11-bit adder for signal <result> created at line 49.
    Summary:
	inferred   1 Adder/Subtractor(s).
Unit <adder2> synthesized.

=========================================================================
HDL Synthesis Report

Macro Statistics
# Adders/Subtractors                                   : 1
 11-bit adder                                          : 1

=========================================================================

=========================================================================
*                       Advanced HDL Synthesis                          *
=========================================================================


=========================================================================
Advanced HDL Synthesis Report

Macro Statistics
# Adders/Subtractors                                   : 1
 11-bit adder                                          : 1

=========================================================================

=========================================================================
*                         Low Level Synthesis                           *
=========================================================================

Optimizing unit <adder2> ...

Mapping all equations...
Building and optimizing final netlist ...
Found area constraint ratio of 100 (+ 5) on block adder2, actual ratio is 0.

Final Macro Processing ...

=========================================================================
Final Register Report

Found no macro
=========================================================================

=========================================================================
*                           Partition Report                            *
=========================================================================

Partition Implementation Status
-------------------------------

  No Partitions were found in this design.

-------------------------------

=========================================================================
*                            Design Summary                             *
=========================================================================

Top Level Output File Name         : adder2.ngc

Primitive and Black Box Usage:
------------------------------
# BELS                             : 31
#      GND                         : 1
#      LUT2                        : 10
#      MUXCY                       : 10
#      XORCY                       : 10
# IO Buffers                       : 31
#      IBUF                        : 20
#      OBUF                        : 11

Device utilization summary:
---------------------------

Selected Device : 6slx45csg324-3 


Slice Logic Utilization: 
 Number of Slice LUTs:                   10  out of  27288     0%  
    Number used as Logic:                10  out of  27288     0%  

Slice Logic Distribution: 
 Number of LUT Flip Flop pairs used:     10
   Number with an unused Flip Flop:      10  out of     10   100%  
   Number with an unused LUT:             0  out of     10     0%  
   Number of fully used LUT-FF pairs:     0  out of     10     0%  
   Number of unique control sets:         0

IO Utilization: 
 Number of IOs:                          31
 Number of bonded IOBs:                  31  out of    218    14%  

Specific Feature Utilization:

---------------------------
Partition Resource Summary:
---------------------------

  No Partitions were found in this design.

---------------------------


=========================================================================
Timing Report

NOTE: THESE TIMING NUMBERS ARE ONLY A SYNTHESIS ESTIMATE.
      FOR ACCURATE TIMING INFORMATION PLEASE REFER TO THE TRACE REPORT
      GENERATED AFTER PLACE-and-ROUTE.

Clock Information:
------------------
No clock signals found in this design

Asynchronous Control Signals Information:
----------------------------------------
No asynchronous control signals found in this design

Timing Summary:
---------------
Speed Grade: -3

   Minimum period: No path found
   Minimum input arrival time before clock: No path found
   Maximum output required time after clock: No path found
   Maximum combinational path delay: 5.796ns

Timing Details:
---------------
All values displayed in nanoseconds (ns)

=========================================================================
Timing constraint: Default path analysis
  Total number of paths / destination ports: 185 / 11
-------------------------------------------------------------------------
Delay:               5.796ns (Levels of Logic = 13)
  Source:            operatorA<0> (PAD)
  Destination:       result<10> (PAD)

  Data Path: operatorA<0> to result<10>
                                Gate     Net
    Cell:in->out      fanout   Delay   Delay  Logical Name (Net Name)
    ----------------------------------------  ------------
     IBUF:I->O             1   1.222   0.684  operatorA_0_IBUF (operatorA_0_IBUF)
     LUT2:I0->O            1   0.203   0.000  Madd_result_lut<0> (Madd_result_lut<0>)
     MUXCY:S->O            1   0.172   0.000  Madd_result_cy<0> (Madd_result_cy<0>)
     MUXCY:CI->O           1   0.019   0.000  Madd_result_cy<1> (Madd_result_cy<1>)
     MUXCY:CI->O           1   0.019   0.000  Madd_result_cy<2> (Madd_result_cy<2>)
     MUXCY:CI->O           1   0.019   0.000  Madd_result_cy<3> (Madd_result_cy<3>)
     MUXCY:CI->O           1   0.019   0.000  Madd_result_cy<4> (Madd_result_cy<4>)
     MUXCY:CI->O           1   0.019   0.000  Madd_result_cy<5> (Madd_result_cy<5>)
     MUXCY:CI->O           1   0.019   0.000  Madd_result_cy<6> (Madd_result_cy<6>)
     MUXCY:CI->O           1   0.019   0.000  Madd_result_cy<7> (Madd_result_cy<7>)
     MUXCY:CI->O           1   0.019   0.000  Madd_result_cy<8> (Madd_result_cy<8>)
     MUXCY:CI->O           1   0.213   0.579  Madd_result_cy<9> (Madd_result_cy<9>)
     OBUF:I->O                 2.571          result_10_OBUF (result<10>)
    ----------------------------------------
    Total                      5.796ns (4.533ns logic, 1.263ns route)
                                       (78.2% logic, 21.8% route)

=========================================================================

Cross Clock Domains Report:
--------------------------

=========================================================================


Total REAL time to Xst completion: 5.00 secs
Total CPU time to Xst completion: 5.32 secs
 
--> 

Total memory usage is 259464 kilobytes

Number of errors   :    0 (   0 filtered)
Number of warnings :    0 (   0 filtered)
Number of infos    :    0 (   0 filtered)

