Release 12.4 - xst M.81d (nt64)
Copyright (c) 1995-2010 Xilinx, Inc.  All rights reserved.
--> Parameter TMPDIR set to xst/projnav.tmp


Total REAL time to Xst completion: 0.00 secs
Total CPU time to Xst completion: 0.12 secs
 
--> Parameter xsthdpdir set to xst


Total REAL time to Xst completion: 0.00 secs
Total CPU time to Xst completion: 0.12 secs
 
--> Reading design: adder.prj

TABLE OF CONTENTS
  1) Synthesis Options Summary
  2) HDL Parsing
  3) HDL Elaboration
  4) HDL Synthesis
       4.1) HDL Synthesis Report
  5) Advanced HDL Synthesis
       5.1) Advanced HDL Synthesis Report
  6) Low Level Synthesis
  7) Partition Report
  8) Design Summary
       8.1) Primitive and Black Box Usage
       8.2) Device utilization summary
       8.3) Partition Resource Summary
       8.4) Timing Report
            8.4.1) Clock Information
            8.4.2) Asynchronous Control Signals Information
            8.4.3) Timing Summary
            8.4.4) Timing Details
            8.4.5) Cross Clock Domains Report


=========================================================================
*                      Synthesis Options Summary                        *
=========================================================================
---- Source Parameters
Input File Name                    : "adder.prj"
Input Format                       : mixed
Ignore Synthesis Constraint File   : NO

---- Target Parameters
Output File Name                   : "adder"
Output Format                      : NGC
Target Device                      : xc6slx45-3-csg324

---- Source Options
Top Module Name                    : adder
Automatic FSM Extraction           : YES
FSM Encoding Algorithm             : Auto
Safe Implementation                : No
FSM Style                          : LUT
RAM Extraction                     : Yes
RAM Style                          : Auto
ROM Extraction                     : Yes
Shift Register Extraction          : YES
ROM Style                          : Auto
Resource Sharing                   : YES
Asynchronous To Synchronous        : NO
Shift Register Minimum Size        : 2
Use DSP Block                      : Auto
Automatic Register Balancing       : No

---- Target Options
LUT Combining                      : Auto
Reduce Control Sets                : Auto
Add IO Buffers                     : YES
Global Maximum Fanout              : 100000
Add Generic Clock Buffer(BUFG)     : 16
Register Duplication               : YES
Optimize Instantiated Primitives   : NO
Use Clock Enable                   : Auto
Use Synchronous Set                : Auto
Use Synchronous Reset              : Auto
Pack IO Registers into IOBs        : Auto
Equivalent register Removal        : YES

---- General Options
Optimization Goal                  : Speed
Optimization Effort                : 1
Power Reduction                    : NO
Keep Hierarchy                     : No
Netlist Hierarchy                  : As_Optimized
RTL Output                         : Yes
Global Optimization                : AllClockNets
Read Cores                         : YES
Write Timing Constraints           : NO
Cross Clock Analysis               : NO
Hierarchy Separator                : /
Bus Delimiter                      : <>
Case Specifier                     : Maintain
Slice Utilization Ratio            : 100
BRAM Utilization Ratio             : 100
DSP48 Utilization Ratio            : 100
Auto BRAM Packing                  : NO
Slice Utilization Ratio Delta      : 5

=========================================================================


=========================================================================
*                          HDL Parsing                                  *
=========================================================================
Parsing VHDL file "\Users\Bogdan\Desktop\D3Reconstruction\StereoReconstructionPipeline\adder.vhd" into library work
Parsing entity <adder>.
Parsing architecture <Behavioral> of entity <adder>.

=========================================================================
*                            HDL Elaboration                            *
=========================================================================

Elaborating entity <adder> (architecture <Behavioral>) with generics from library <work>.

=========================================================================
*                           HDL Synthesis                               *
=========================================================================

Synthesizing Unit <adder>.
    Related source file is "/users/bogdan/desktop/d3reconstruction/stereoreconstructionpipeline/adder.vhd".
        OPERAND_NO = 3
        RESULT_SIZE = 12
    Found 12-bit adder for signal <_n0021> created at line 51.
    Found 12-bit adder for signal <_n0022> created at line 51.
    Found 12-bit adder for signal <COMPUTE.sum> created at line 51.
    Summary:
	inferred   3 Adder/Subtractor(s).
Unit <adder> synthesized.

=========================================================================
HDL Synthesis Report

Macro Statistics
# Adders/Subtractors                                   : 3
 12-bit adder                                          : 3

=========================================================================

=========================================================================
*                       Advanced HDL Synthesis                          *
=========================================================================


=========================================================================
Advanced HDL Synthesis Report

Macro Statistics
# Adders/Subtractors                                   : 3
 12-bit adder                                          : 3

=========================================================================

=========================================================================
*                         Low Level Synthesis                           *
=========================================================================
WARNING:Xst:2170 - Unit adder : the following signal(s) form a combinatorial loop: Madd_COMPUTE.sum_cy<7>, Madd_COMPUTE.sum_cy<9>, Madd_COMPUTE.sum_cy<0>, Madd_COMPUTE.sum_cy<6>, Madd_COMPUTE.sum_cy<5>, Madd_COMPUTE.sum_cy<1>, result<0>, Madd_COMPUTE.sum_cy<2>, Madd_COMPUTE.sum_lut<0>, Madd_COMPUTE.sum_cy<8>, Madd_COMPUTE.sum_cy<3>, result<11>, Madd_COMPUTE.sum_cy<10>, Madd_COMPUTE.sum_cy<4>.
WARNING:Xst:2170 - Unit adder : the following signal(s) form a combinatorial loop: Madd_COMPUTE.sum_lut<9>, result<9>.
WARNING:Xst:2170 - Unit adder : the following signal(s) form a combinatorial loop: result<8>, Madd_COMPUTE.sum_lut<8>.
WARNING:Xst:2170 - Unit adder : the following signal(s) form a combinatorial loop: result<7>, Madd_COMPUTE.sum_lut<7>.
WARNING:Xst:2170 - Unit adder : the following signal(s) form a combinatorial loop: Madd_COMPUTE.sum_lut<6>, result<6>.
WARNING:Xst:2170 - Unit adder : the following signal(s) form a combinatorial loop: result<5>, Madd_COMPUTE.sum_lut<5>.
WARNING:Xst:2170 - Unit adder : the following signal(s) form a combinatorial loop: Madd_COMPUTE.sum_lut<4>, result<4>.
WARNING:Xst:2170 - Unit adder : the following signal(s) form a combinatorial loop: Madd_COMPUTE.sum_lut<3>, result<3>.
WARNING:Xst:2170 - Unit adder : the following signal(s) form a combinatorial loop: result<2>, Madd_COMPUTE.sum_lut<2>.
WARNING:Xst:2170 - Unit adder : the following signal(s) form a combinatorial loop: Madd_COMPUTE.sum_lut<1>, result<1>.
WARNING:Xst:2170 - Unit adder : the following signal(s) form a combinatorial loop: result<10>.
WARNING:Xst:2170 - Unit adder : the following signal(s) form a combinatorial loop: result<11>.

Optimizing unit <adder> ...

Mapping all equations...
Building and optimizing final netlist ...
Found area constraint ratio of 100 (+ 5) on block adder, actual ratio is 0.

Final Macro Processing ...

=========================================================================
Final Register Report

Found no macro
=========================================================================

=========================================================================
*                           Partition Report                            *
=========================================================================

Partition Implementation Status
-------------------------------

  No Partitions were found in this design.

-------------------------------

=========================================================================
*                            Design Summary                             *
=========================================================================

Top Level Output File Name         : adder.ngc

Primitive and Black Box Usage:
------------------------------
# BELS                             : 72
#      GND                         : 1
#      LUT1                        : 2
#      LUT2                        : 10
#      LUT3                        : 9
#      LUT4                        : 8
#      MUXCY                       : 20
#      XORCY                       : 22
# IO Buffers                       : 36
#      IBUF                        : 24
#      OBUF                        : 12

Device utilization summary:
---------------------------

Selected Device : 6slx45csg324-3 


Slice Logic Utilization: 
 Number of Slice LUTs:                   29  out of  27288     0%  
    Number used as Logic:                29  out of  27288     0%  

Slice Logic Distribution: 
 Number of LUT Flip Flop pairs used:     29
   Number with an unused Flip Flop:      29  out of     29   100%  
   Number with an unused LUT:             0  out of     29     0%  
   Number of fully used LUT-FF pairs:     0  out of     29     0%  
   Number of unique control sets:         0

IO Utilization: 
 Number of IOs:                          36
 Number of bonded IOBs:                  36  out of    218    16%  

Specific Feature Utilization:

---------------------------
Partition Resource Summary:
---------------------------

  No Partitions were found in this design.

---------------------------


=========================================================================
Timing Report

NOTE: THESE TIMING NUMBERS ARE ONLY A SYNTHESIS ESTIMATE.
      FOR ACCURATE TIMING INFORMATION PLEASE REFER TO THE TRACE REPORT
      GENERATED AFTER PLACE-and-ROUTE.

Clock Information:
------------------
No clock signals found in this design

Asynchronous Control Signals Information:
----------------------------------------
No asynchronous control signals found in this design

Timing Summary:
---------------
Speed Grade: -3

   Minimum period: No path found
   Minimum input arrival time before clock: No path found
   Maximum output required time after clock: No path found
   Maximum combinational path delay: 17.120ns

Timing Details:
---------------
All values displayed in nanoseconds (ns)

=========================================================================
Timing constraint: Default path analysis
  Total number of paths / destination ports: 84708 / 12
-------------------------------------------------------------------------
Delay:               17.120ns (Levels of Logic = 29)
  Source:            operand<0> (PAD)
  Destination:       result<11> (PAD)

  Data Path: operand<0> to result<11>
                                Gate     Net
    Cell:in->out      fanout   Delay   Delay  Logical Name (Net Name)
    ----------------------------------------  ------------
     IBUF:I->O             2   1.222   0.864  operand_0_IBUF (operand_0_IBUF)
     LUT4:I0->O            1   0.203   0.000  Madd__n0022_lut<0> (Madd__n0022_lut<0>)
     XORCY:LI->O           1   0.136   0.580  Madd__n0022_xor<0> (_n0022<0>)
     LUT2:I1->O            1   0.205   0.000  Madd_COMPUTE.sum_lut<0> (Madd_COMPUTE.sum_lut<0>)
     XORCY:LI->O           2   0.136   0.616  Madd_COMPUTE.sum_xor<0> (result_0_OBUF)
     MUXCY:DI->O           1   0.145   0.000  Madd_COMPUTE.sum_cy<0> (Madd_COMPUTE.sum_cy<0>)
     XORCY:CI->O           2   0.180   0.616  Madd_COMPUTE.sum_xor<1> (result_1_OBUF)
     MUXCY:DI->O           1   0.145   0.000  Madd_COMPUTE.sum_cy<1> (Madd_COMPUTE.sum_cy<1>)
     XORCY:CI->O           2   0.180   0.616  Madd_COMPUTE.sum_xor<2> (result_2_OBUF)
     MUXCY:DI->O           1   0.145   0.000  Madd_COMPUTE.sum_cy<2> (Madd_COMPUTE.sum_cy<2>)
     XORCY:CI->O           2   0.180   0.616  Madd_COMPUTE.sum_xor<3> (result_3_OBUF)
     MUXCY:DI->O           1   0.145   0.000  Madd_COMPUTE.sum_cy<3> (Madd_COMPUTE.sum_cy<3>)
     XORCY:CI->O           2   0.180   0.616  Madd_COMPUTE.sum_xor<4> (result_4_OBUF)
     MUXCY:DI->O           1   0.145   0.000  Madd_COMPUTE.sum_cy<4> (Madd_COMPUTE.sum_cy<4>)
     XORCY:CI->O           2   0.180   0.616  Madd_COMPUTE.sum_xor<5> (result_5_OBUF)
     MUXCY:DI->O           1   0.145   0.000  Madd_COMPUTE.sum_cy<5> (Madd_COMPUTE.sum_cy<5>)
     XORCY:CI->O           2   0.180   0.616  Madd_COMPUTE.sum_xor<6> (result_6_OBUF)
     MUXCY:DI->O           1   0.145   0.000  Madd_COMPUTE.sum_cy<6> (Madd_COMPUTE.sum_cy<6>)
     XORCY:CI->O           2   0.180   0.616  Madd_COMPUTE.sum_xor<7> (result_7_OBUF)
     MUXCY:DI->O           1   0.145   0.000  Madd_COMPUTE.sum_cy<7> (Madd_COMPUTE.sum_cy<7>)
     XORCY:CI->O           2   0.180   0.616  Madd_COMPUTE.sum_xor<8> (result_8_OBUF)
     MUXCY:DI->O           1   0.145   0.000  Madd_COMPUTE.sum_cy<8> (Madd_COMPUTE.sum_cy<8>)
     XORCY:CI->O           2   0.180   0.616  Madd_COMPUTE.sum_xor<9> (result_9_OBUF)
     MUXCY:DI->O           1   0.145   0.000  Madd_COMPUTE.sum_cy<9> (Madd_COMPUTE.sum_cy<9>)
     XORCY:CI->O           2   0.180   0.617  Madd_COMPUTE.sum_xor<10> (result_10_OBUF)
     LUT1:I0->O            1   0.205   0.000  Madd_COMPUTE.sum_cy<10>_rt (Madd_COMPUTE.sum_cy<10>_rt)
     MUXCY:S->O            0   0.172   0.000  Madd_COMPUTE.sum_cy<10> (Madd_COMPUTE.sum_cy<10>)
     XORCY:CI->O           2   0.180   0.616  Madd_COMPUTE.sum_xor<11> (result_11_OBUF)
     OBUF:I->O                 2.571          result_11_OBUF (result<11>)
    ----------------------------------------
    Total                     17.120ns (8.280ns logic, 8.840ns route)
                                       (48.4% logic, 51.6% route)

=========================================================================

Cross Clock Domains Report:
--------------------------

=========================================================================


Total REAL time to Xst completion: 5.00 secs
Total CPU time to Xst completion: 5.46 secs
 
--> 

Total memory usage is 246984 kilobytes

Number of errors   :    0 (   0 filtered)
Number of warnings :   12 (   0 filtered)
Number of infos    :    0 (   0 filtered)

