Release 12.4 - xst M.81d (nt64)
Copyright (c) 1995-2010 Xilinx, Inc.  All rights reserved.
--> Parameter TMPDIR set to xst/projnav.tmp


Total REAL time to Xst completion: 0.00 secs
Total CPU time to Xst completion: 0.12 secs
 
--> Parameter xsthdpdir set to xst


Total REAL time to Xst completion: 0.00 secs
Total CPU time to Xst completion: 0.12 secs
 
--> Reading design: comparator.prj

TABLE OF CONTENTS
  1) Synthesis Options Summary
  2) HDL Parsing
  3) HDL Elaboration
  4) HDL Synthesis
       4.1) HDL Synthesis Report
  5) Advanced HDL Synthesis
       5.1) Advanced HDL Synthesis Report
  6) Low Level Synthesis
  7) Partition Report
  8) Design Summary
       8.1) Primitive and Black Box Usage
       8.2) Device utilization summary
       8.3) Partition Resource Summary
       8.4) Timing Report
            8.4.1) Clock Information
            8.4.2) Asynchronous Control Signals Information
            8.4.3) Timing Summary
            8.4.4) Timing Details
            8.4.5) Cross Clock Domains Report


=========================================================================
*                      Synthesis Options Summary                        *
=========================================================================
---- Source Parameters
Input File Name                    : "comparator.prj"
Input Format                       : mixed
Ignore Synthesis Constraint File   : NO

---- Target Parameters
Output File Name                   : "comparator"
Output Format                      : NGC
Target Device                      : xc6slx45-3-csg324

---- Source Options
Top Module Name                    : comparator
Automatic FSM Extraction           : YES
FSM Encoding Algorithm             : Auto
Safe Implementation                : No
FSM Style                          : LUT
RAM Extraction                     : Yes
RAM Style                          : Auto
ROM Extraction                     : Yes
Shift Register Extraction          : YES
ROM Style                          : Auto
Resource Sharing                   : YES
Asynchronous To Synchronous        : NO
Shift Register Minimum Size        : 2
Use DSP Block                      : Auto
Automatic Register Balancing       : No

---- Target Options
LUT Combining                      : Auto
Reduce Control Sets                : Auto
Add IO Buffers                     : YES
Global Maximum Fanout              : 100000
Add Generic Clock Buffer(BUFG)     : 16
Register Duplication               : YES
Optimize Instantiated Primitives   : NO
Use Clock Enable                   : Auto
Use Synchronous Set                : Auto
Use Synchronous Reset              : Auto
Pack IO Registers into IOBs        : Auto
Equivalent register Removal        : YES

---- General Options
Optimization Goal                  : Speed
Optimization Effort                : 1
Power Reduction                    : NO
Keep Hierarchy                     : No
Netlist Hierarchy                  : As_Optimized
RTL Output                         : Yes
Global Optimization                : AllClockNets
Read Cores                         : YES
Write Timing Constraints           : NO
Cross Clock Analysis               : NO
Hierarchy Separator                : /
Bus Delimiter                      : <>
Case Specifier                     : Maintain
Slice Utilization Ratio            : 100
BRAM Utilization Ratio             : 100
DSP48 Utilization Ratio            : 100
Auto BRAM Packing                  : NO
Slice Utilization Ratio Delta      : 5

=========================================================================


=========================================================================
*                          HDL Parsing                                  *
=========================================================================
Parsing VHDL file "\Users\Bogdan\Desktop\D3Reconstruction\StereoReconstructionPipeline\comparator.vhd" into library work
Parsing entity <comparator>.
Parsing architecture <Behavioral> of entity <comparator>.

=========================================================================
*                            HDL Elaboration                            *
=========================================================================

Elaborating entity <comparator> (architecture <Behavioral>) with generics from library <work>.

=========================================================================
*                           HDL Synthesis                               *
=========================================================================

Synthesizing Unit <comparator>.
    Related source file is "/users/bogdan/desktop/d3reconstruction/stereoreconstructionpipeline/comparator.vhd".
        OPERAND_SIZE = 12
    Found 7-bit register for signal <index>.
    Found 12-bit register for signal <result>.
    Found 12-bit comparator greater for signal <operandZ[11]_operandA[11]_LessThan_1_o> created at line 55
    Summary:
	inferred  19 D-type flip-flop(s).
	inferred   1 Comparator(s).
	inferred   2 Multiplexer(s).
Unit <comparator> synthesized.

=========================================================================
HDL Synthesis Report

Macro Statistics
# Registers                                            : 2
 12-bit register                                       : 1
 7-bit register                                        : 1
# Comparators                                          : 1
 12-bit comparator greater                             : 1
# Multiplexers                                         : 2
 12-bit 2-to-1 multiplexer                             : 1
 7-bit 2-to-1 multiplexer                              : 1

=========================================================================

=========================================================================
*                       Advanced HDL Synthesis                          *
=========================================================================


=========================================================================
Advanced HDL Synthesis Report

Macro Statistics
# Registers                                            : 19
 Flip-Flops                                            : 19
# Comparators                                          : 1
 12-bit comparator greater                             : 1
# Multiplexers                                         : 2
 12-bit 2-to-1 multiplexer                             : 1
 7-bit 2-to-1 multiplexer                              : 1

=========================================================================

=========================================================================
*                         Low Level Synthesis                           *
=========================================================================

Optimizing unit <comparator> ...

Mapping all equations...
Building and optimizing final netlist ...
Found area constraint ratio of 100 (+ 5) on block comparator, actual ratio is 0.

Final Macro Processing ...

=========================================================================
Final Register Report

Macro Statistics
# Registers                                            : 19
 Flip-Flops                                            : 19

=========================================================================

=========================================================================
*                           Partition Report                            *
=========================================================================

Partition Implementation Status
-------------------------------

  No Partitions were found in this design.

-------------------------------

=========================================================================
*                            Design Summary                             *
=========================================================================

Top Level Output File Name         : comparator.ngc

Primitive and Black Box Usage:
------------------------------
# BELS                             : 38
#      LUT3                        : 19
#      LUT4                        : 12
#      MUXCY                       : 6
#      VCC                         : 1
# FlipFlops/Latches                : 19
#      FD                          : 19
# Clock Buffers                    : 1
#      BUFGP                       : 1
# IO Buffers                       : 57
#      IBUF                        : 38
#      OBUF                        : 19

Device utilization summary:
---------------------------

Selected Device : 6slx45csg324-3 


Slice Logic Utilization: 
 Number of Slice LUTs:                   31  out of  27288     0%  
    Number used as Logic:                31  out of  27288     0%  

Slice Logic Distribution: 
 Number of LUT Flip Flop pairs used:     31
   Number with an unused Flip Flop:      31  out of     31   100%  
   Number with an unused LUT:             0  out of     31     0%  
   Number of fully used LUT-FF pairs:     0  out of     31     0%  
   Number of unique control sets:         1

IO Utilization: 
 Number of IOs:                          58
 Number of bonded IOBs:                  58  out of    218    26%  
    IOB Flip Flops/Latches:              19

Specific Feature Utilization:
 Number of BUFG/BUFGCTRLs:                1  out of     16     6%  

---------------------------
Partition Resource Summary:
---------------------------

  No Partitions were found in this design.

---------------------------


=========================================================================
Timing Report

NOTE: THESE TIMING NUMBERS ARE ONLY A SYNTHESIS ESTIMATE.
      FOR ACCURATE TIMING INFORMATION PLEASE REFER TO THE TRACE REPORT
      GENERATED AFTER PLACE-and-ROUTE.

Clock Information:
------------------
-----------------------------------+------------------------+-------+
Clock Signal                       | Clock buffer(FF name)  | Load  |
-----------------------------------+------------------------+-------+
clk                                | BUFGP                  | 19    |
-----------------------------------+------------------------+-------+

Asynchronous Control Signals Information:
----------------------------------------
No asynchronous control signals found in this design

Timing Summary:
---------------
Speed Grade: -3

   Minimum period: No path found
   Minimum input arrival time before clock: 4.391ns
   Maximum output required time after clock: 3.597ns
   Maximum combinational path delay: No path found

Timing Details:
---------------
All values displayed in nanoseconds (ns)

=========================================================================
Timing constraint: Default OFFSET IN BEFORE for Clock 'clk'
  Total number of paths / destination ports: 950 / 19
-------------------------------------------------------------------------
Offset:              4.391ns (Levels of Logic = 9)
  Source:            operandA<0> (PAD)
  Destination:       index_0 (FF)
  Destination Clock: clk rising

  Data Path: operandA<0> to index_0
                                Gate     Net
    Cell:in->out      fanout   Delay   Delay  Logical Name (Net Name)
    ----------------------------------------  ------------
     IBUF:I->O             3   1.222   0.898  operandA_0_IBUF (operandA_0_IBUF)
     LUT4:I0->O            1   0.203   0.000  Mcompar_operandZ[11]_operandA[11]_LessThan_1_o_lut<0> (Mcompar_operandZ[11]_operandA[11]_LessThan_1_o_lut<0>)
     MUXCY:S->O            1   0.172   0.000  Mcompar_operandZ[11]_operandA[11]_LessThan_1_o_cy<0> (Mcompar_operandZ[11]_operandA[11]_LessThan_1_o_cy<0>)
     MUXCY:CI->O           1   0.019   0.000  Mcompar_operandZ[11]_operandA[11]_LessThan_1_o_cy<1> (Mcompar_operandZ[11]_operandA[11]_LessThan_1_o_cy<1>)
     MUXCY:CI->O           1   0.019   0.000  Mcompar_operandZ[11]_operandA[11]_LessThan_1_o_cy<2> (Mcompar_operandZ[11]_operandA[11]_LessThan_1_o_cy<2>)
     MUXCY:CI->O           1   0.019   0.000  Mcompar_operandZ[11]_operandA[11]_LessThan_1_o_cy<3> (Mcompar_operandZ[11]_operandA[11]_LessThan_1_o_cy<3>)
     MUXCY:CI->O           1   0.019   0.000  Mcompar_operandZ[11]_operandA[11]_LessThan_1_o_cy<4> (Mcompar_operandZ[11]_operandA[11]_LessThan_1_o_cy<4>)
     MUXCY:CI->O          19   0.213   1.300  Mcompar_operandZ[11]_operandA[11]_LessThan_1_o_cy<5> (Mcompar_operandZ[11]_operandA[11]_LessThan_1_o_cy<5>)
     LUT3:I0->O            1   0.205   0.000  Mmux_tmp_result121 (tmp_result<9>)
     FD:D                      0.102          result_9
    ----------------------------------------
    Total                      4.391ns (2.193ns logic, 2.198ns route)
                                       (49.9% logic, 50.1% route)

=========================================================================
Timing constraint: Default OFFSET OUT AFTER for Clock 'clk'
  Total number of paths / destination ports: 19 / 19
-------------------------------------------------------------------------
Offset:              3.597ns (Levels of Logic = 1)
  Source:            result_11 (FF)
  Destination:       result<11> (PAD)
  Source Clock:      clk rising

  Data Path: result_11 to result<11>
                                Gate     Net
    Cell:in->out      fanout   Delay   Delay  Logical Name (Net Name)
    ----------------------------------------  ------------
     FD:C->Q               1   0.447   0.579  result_11 (result_11)
     OBUF:I->O                 2.571          result_11_OBUF (result<11>)
    ----------------------------------------
    Total                      3.597ns (3.018ns logic, 0.579ns route)
                                       (83.9% logic, 16.1% route)

=========================================================================

Cross Clock Domains Report:
--------------------------

=========================================================================


Total REAL time to Xst completion: 6.00 secs
Total CPU time to Xst completion: 5.74 secs
 
--> 

Total memory usage is 246472 kilobytes

Number of errors   :    0 (   0 filtered)
Number of warnings :    0 (   0 filtered)
Number of infos    :    0 (   0 filtered)

