ISim log file
Running: C:\Users\Bogdan\Desktop\D3Reconstruction\StereoReconstructionPipeline\comparator_block_test_isim_beh.exe -gui -tclbatch isim.cmd -wdb C:/Users/Bogdan/Desktop/D3Reconstruction/StereoReconstructionPipeline/comparator_block_test_isim_beh.wdb 
ISim M.81d (signature 0x12940baa)
----------------------------------------------------------------------
INFO:Security:51 - The XILINXD_LICENSE_FILE environment variable is not set.
INFO:Security:53 - The LM_LICENSE_FILE environment variable is not set.
INFO:Security:68 - Please run the Xilinx License Configuration Manager
       (xlcm or "Manage Xilinx Licenses")
       to assist in obtaining a license.
WARNING:Security:43 - No license file was found in the standard Xilinx license directory.
WARNING:Security:44 - No license file was found.
       Please run the Xilinx License Configuration Manager
       (xlcm or "Manage Xilinx Licenses")
       to assist in obtaining a license.
ERROR:Security:14 - No feature was available for 'ISIM'.

No such feature exists.
Feature:       ISIM
License path:  C:/.Xilinx\*.lic;E:\Xilinx\ISE_DS\ISE\/data\*.lic;E:\Xilinx\ISE_DS\ISE\/coregen/core_licenses\Xilinx.lic;E:\Xilinx\ISE_DS\ISE\/coregen/core_licenses\XilinxFree.lic;E:\Xilinx\ISE_DS\EDK/data/core_licenses\Xilinx.lic;
FLEXnet Licensing error:-5,357
For further information, refer to the FLEXnet Licensing documentation,
available at "www.acresso.com".
----------------------------------------------------------------------
WARNING: A full ISim License cannot be checked out due to the issues listed above. Please use Xilinx License Configuration Manager to fix these issues in order to check out a full ISim license.
WARNING: ISim will run in Lite mode. Please refer to the ISim documentation for more information on the differences between the Lite and the Full version.
This is a Lite version of ISim.
Time resolution is 1 ps
# onerror resume
# wave add /
# run 1000 ns
Simulator is doing circuit initialization process.
at 0 ps, Instance /comparator_block_test/uut/COMPARATOR_COL0/ : Warning: NUMERIC_STD."<": metavalue detected, returning FALSE
at 0 ps, Instance /comparator_block_test/uut/COMPARATOR_COL0/ : Warning: NUMERIC_STD."<": metavalue detected, returning FALSE
at 0 ps, Instance /comparator_block_test/uut/\block_generate(1)\/COMPARATOR_PREV/ : Warning: NUMERIC_STD."<": metavalue detected, returning FALSE
at 0 ps, Instance /comparator_block_test/uut/\block_generate(1)\/COMPARATOR_PREV/ : Warning: NUMERIC_STD."<": metavalue detected, returning FALSE
at 0 ps, Instance /comparator_block_test/uut/\block_generate(1)\/COMPARATOR_COLx/ : Warning: NUMERIC_STD."<": metavalue detected, returning FALSE
at 0 ps, Instance /comparator_block_test/uut/\block_generate(1)\/COMPARATOR_COLx/ : Warning: NUMERIC_STD."<": metavalue detected, returning FALSE
at 0 ps, Instance /comparator_block_test/uut/\block_generate(2)\/COMPARATOR_PREV/ : Warning: NUMERIC_STD."<": metavalue detected, returning FALSE
at 0 ps, Instance /comparator_block_test/uut/\block_generate(2)\/COMPARATOR_PREV/ : Warning: NUMERIC_STD."<": metavalue detected, returning FALSE
at 0 ps, Instance /comparator_block_test/uut/\block_generate(2)\/COMPARATOR_COLx/ : Warning: NUMERIC_STD."<": metavalue detected, returning FALSE
at 0 ps, Instance /comparator_block_test/uut/\block_generate(2)\/COMPARATOR_COLx/ : Warning: NUMERIC_STD."<": metavalue detected, returning FALSE
at 0 ps, Instance /comparator_block_test/uut/\block_generate(3)\/COMPARATOR_PREV/ : Warning: NUMERIC_STD."<": metavalue detected, returning FALSE
at 0 ps, Instance /comparator_block_test/uut/\block_generate(3)\/COMPARATOR_PREV/ : Warning: NUMERIC_STD."<": metavalue detected, returning FALSE
at 0 ps, Instance /comparator_block_test/uut/\block_generate(3)\/COMPARATOR_COLx/ : Warning: NUMERIC_STD."<": metavalue detected, returning FALSE
at 0 ps, Instance /comparator_block_test/uut/\block_generate(3)\/COMPARATOR_COLx/ : Warning: NUMERIC_STD."<": metavalue detected, returning FALSE
at 0 ps, Instance /comparator_block_test/uut/\block_generate(4)\/COMPARATOR_PREV/ : Warning: NUMERIC_STD."<": metavalue detected, returning FALSE
at 0 ps, Instance /comparator_block_test/uut/\block_generate(4)\/COMPARATOR_PREV/ : Warning: NUMERIC_STD."<": metavalue detected, returning FALSE
at 0 ps, Instance /comparator_block_test/uut/\block_generate(4)\/COMPARATOR_COLx/ : Warning: NUMERIC_STD."<": metavalue detected, returning FALSE
at 0 ps, Instance /comparator_block_test/uut/\block_generate(4)\/COMPARATOR_COLx/ : Warning: NUMERIC_STD."<": metavalue detected, returning FALSE
Finished circuit initialization process.
# restart
# run 0.2us
Simulator is doing circuit initialization process.
at 0 ps, Instance /comparator_block_test/uut/COMPARATOR_COL0/ : Warning: NUMERIC_STD."<": metavalue detected, returning FALSE
at 0 ps, Instance /comparator_block_test/uut/COMPARATOR_COL0/ : Warning: NUMERIC_STD."<": metavalue detected, returning FALSE
at 0 ps, Instance /comparator_block_test/uut/\block_generate(1)\/COMPARATOR_PREV/ : Warning: NUMERIC_STD."<": metavalue detected, returning FALSE
at 0 ps, Instance /comparator_block_test/uut/\block_generate(1)\/COMPARATOR_PREV/ : Warning: NUMERIC_STD."<": metavalue detected, returning FALSE
at 0 ps, Instance /comparator_block_test/uut/\block_generate(1)\/COMPARATOR_COLx/ : Warning: NUMERIC_STD."<": metavalue detected, returning FALSE
at 0 ps, Instance /comparator_block_test/uut/\block_generate(1)\/COMPARATOR_COLx/ : Warning: NUMERIC_STD."<": metavalue detected, returning FALSE
at 0 ps, Instance /comparator_block_test/uut/\block_generate(2)\/COMPARATOR_PREV/ : Warning: NUMERIC_STD."<": metavalue detected, returning FALSE
at 0 ps, Instance /comparator_block_test/uut/\block_generate(2)\/COMPARATOR_PREV/ : Warning: NUMERIC_STD."<": metavalue detected, returning FALSE
at 0 ps, Instance /comparator_block_test/uut/\block_generate(2)\/COMPARATOR_COLx/ : Warning: NUMERIC_STD."<": metavalue detected, returning FALSE
at 0 ps, Instance /comparator_block_test/uut/\block_generate(2)\/COMPARATOR_COLx/ : Warning: NUMERIC_STD."<": metavalue detected, returning FALSE
at 0 ps, Instance /comparator_block_test/uut/\block_generate(3)\/COMPARATOR_PREV/ : Warning: NUMERIC_STD."<": metavalue detected, returning FALSE
at 0 ps, Instance /comparator_block_test/uut/\block_generate(3)\/COMPARATOR_PREV/ : Warning: NUMERIC_STD."<": metavalue detected, returning FALSE
at 0 ps, Instance /comparator_block_test/uut/\block_generate(3)\/COMPARATOR_COLx/ : Warning: NUMERIC_STD."<": metavalue detected, returning FALSE
at 0 ps, Instance /comparator_block_test/uut/\block_generate(3)\/COMPARATOR_COLx/ : Warning: NUMERIC_STD."<": metavalue detected, returning FALSE
at 0 ps, Instance /comparator_block_test/uut/\block_generate(4)\/COMPARATOR_PREV/ : Warning: NUMERIC_STD."<": metavalue detected, returning FALSE
at 0 ps, Instance /comparator_block_test/uut/\block_generate(4)\/COMPARATOR_PREV/ : Warning: NUMERIC_STD."<": metavalue detected, returning FALSE
at 0 ps, Instance /comparator_block_test/uut/\block_generate(4)\/COMPARATOR_COLx/ : Warning: NUMERIC_STD."<": metavalue detected, returning FALSE
at 0 ps, Instance /comparator_block_test/uut/\block_generate(4)\/COMPARATOR_COLx/ : Warning: NUMERIC_STD."<": metavalue detected, returning FALSE
Finished circuit initialization process.
