Release 12.4 - xst M.81d (nt64)
Copyright (c) 1995-2010 Xilinx, Inc.  All rights reserved.
--> Parameter TMPDIR set to xst/projnav.tmp


Total REAL time to Xst completion: 0.00 secs
Total CPU time to Xst completion: 0.12 secs
 
--> Parameter xsthdpdir set to xst


Total REAL time to Xst completion: 0.00 secs
Total CPU time to Xst completion: 0.12 secs
 
--> Reading design: pipeadd3.prj

TABLE OF CONTENTS
  1) Synthesis Options Summary
  2) HDL Parsing
  3) HDL Elaboration
  4) HDL Synthesis
       4.1) HDL Synthesis Report
  5) Advanced HDL Synthesis
       5.1) Advanced HDL Synthesis Report
  6) Low Level Synthesis
  7) Partition Report
  8) Design Summary
       8.1) Primitive and Black Box Usage
       8.2) Device utilization summary
       8.3) Partition Resource Summary
       8.4) Timing Report
            8.4.1) Clock Information
            8.4.2) Asynchronous Control Signals Information
            8.4.3) Timing Summary
            8.4.4) Timing Details
            8.4.5) Cross Clock Domains Report


=========================================================================
*                      Synthesis Options Summary                        *
=========================================================================
---- Source Parameters
Input File Name                    : "pipeadd3.prj"
Input Format                       : mixed
Ignore Synthesis Constraint File   : NO

---- Target Parameters
Output File Name                   : "pipeadd3"
Output Format                      : NGC
Target Device                      : xc6slx45-3-csg324

---- Source Options
Top Module Name                    : pipeadd3
Automatic FSM Extraction           : YES
FSM Encoding Algorithm             : Auto
Safe Implementation                : No
FSM Style                          : LUT
RAM Extraction                     : Yes
RAM Style                          : Auto
ROM Extraction                     : Yes
Shift Register Extraction          : YES
ROM Style                          : Auto
Resource Sharing                   : YES
Asynchronous To Synchronous        : NO
Shift Register Minimum Size        : 2
Use DSP Block                      : Auto
Automatic Register Balancing       : No

---- Target Options
LUT Combining                      : Auto
Reduce Control Sets                : Auto
Add IO Buffers                     : YES
Global Maximum Fanout              : 100000
Add Generic Clock Buffer(BUFG)     : 16
Register Duplication               : YES
Optimize Instantiated Primitives   : NO
Use Clock Enable                   : Auto
Use Synchronous Set                : Auto
Use Synchronous Reset              : Auto
Pack IO Registers into IOBs        : Auto
Equivalent register Removal        : YES

---- General Options
Optimization Goal                  : Speed
Optimization Effort                : 1
Power Reduction                    : NO
Keep Hierarchy                     : No
Netlist Hierarchy                  : As_Optimized
RTL Output                         : Yes
Global Optimization                : AllClockNets
Read Cores                         : YES
Write Timing Constraints           : NO
Cross Clock Analysis               : NO
Hierarchy Separator                : /
Bus Delimiter                      : <>
Case Specifier                     : Maintain
Slice Utilization Ratio            : 100
BRAM Utilization Ratio             : 100
DSP48 Utilization Ratio            : 100
Auto BRAM Packing                  : NO
Slice Utilization Ratio Delta      : 5

=========================================================================


=========================================================================
*                          HDL Parsing                                  *
=========================================================================
Parsing VHDL file "\Users\Bogdan\Desktop\D3Reconstruction\StereoReconstructionPipeline\flipflop.vhd" into library work
Parsing entity <flipflop>.
Parsing architecture <Behavioral> of entity <flipflop>.
Parsing VHDL file "\Users\Bogdan\Desktop\D3Reconstruction\StereoReconstructionPipeline\adder2.vhd" into library work
Parsing entity <adder2>.
Parsing architecture <Behavioral> of entity <adder2>.
Parsing VHDL file "\Users\Bogdan\Desktop\D3Reconstruction\StereoReconstructionPipeline\pipeadd3.vhd" into library work
Parsing entity <pipeadd3>.
Parsing architecture <Behavioral> of entity <pipeadd3>.

=========================================================================
*                            HDL Elaboration                            *
=========================================================================

Elaborating entity <pipeadd3> (architecture <Behavioral>) from library <work>.

Elaborating entity <flipflop> (architecture <Behavioral>) with generics from library <work>.

Elaborating entity <adder2> (architecture <Behavioral>) with generics from library <work>.

Elaborating entity <flipflop> (architecture <Behavioral>) with generics from library <work>.

Elaborating entity <adder2> (architecture <Behavioral>) with generics from library <work>.

=========================================================================
*                           HDL Synthesis                               *
=========================================================================

Synthesizing Unit <pipeadd3>.
    Related source file is "/users/bogdan/desktop/d3reconstruction/stereoreconstructionpipeline/pipeadd3.vhd".
    Found 12-bit register for signal <result>.
    Summary:
	inferred  12 D-type flip-flop(s).
Unit <pipeadd3> synthesized.

Synthesizing Unit <flipflop_1>.
    Related source file is "/users/bogdan/desktop/d3reconstruction/stereoreconstructionpipeline/flipflop.vhd".
        N = 10
    Found 10-bit register for signal <q>.
    Summary:
	inferred  10 D-type flip-flop(s).
Unit <flipflop_1> synthesized.

Synthesizing Unit <adder2_1>.
    Related source file is "/users/bogdan/desktop/d3reconstruction/stereoreconstructionpipeline/adder2.vhd".
        OPERATOR_SIZE = 10
    Found 11-bit adder for signal <result> created at line 49.
    Summary:
	inferred   1 Adder/Subtractor(s).
Unit <adder2_1> synthesized.

Synthesizing Unit <flipflop_2>.
    Related source file is "/users/bogdan/desktop/d3reconstruction/stereoreconstructionpipeline/flipflop.vhd".
        N = 11
    Found 11-bit register for signal <q>.
    Summary:
	inferred  11 D-type flip-flop(s).
Unit <flipflop_2> synthesized.

Synthesizing Unit <adder2_2>.
    Related source file is "/users/bogdan/desktop/d3reconstruction/stereoreconstructionpipeline/adder2.vhd".
        OPERATOR_SIZE = 11
    Found 12-bit adder for signal <result> created at line 49.
    Summary:
	inferred   1 Adder/Subtractor(s).
Unit <adder2_2> synthesized.

=========================================================================
HDL Synthesis Report

Macro Statistics
# Adders/Subtractors                                   : 2
 11-bit adder                                          : 1
 12-bit adder                                          : 1
# Registers                                            : 5
 10-bit register                                       : 2
 11-bit register                                       : 2
 12-bit register                                       : 1

=========================================================================

=========================================================================
*                       Advanced HDL Synthesis                          *
=========================================================================


=========================================================================
Advanced HDL Synthesis Report

Macro Statistics
# Adders/Subtractors                                   : 2
 11-bit adder                                          : 1
 12-bit adder                                          : 1
# Registers                                            : 54
 Flip-Flops                                            : 54

=========================================================================

=========================================================================
*                         Low Level Synthesis                           *
=========================================================================

Optimizing unit <pipeadd3> ...

Optimizing unit <flipflop_1> ...

Optimizing unit <flipflop_2> ...

Mapping all equations...
Building and optimizing final netlist ...
Found area constraint ratio of 100 (+ 5) on block pipeadd3, actual ratio is 0.

Final Macro Processing ...

Processing Unit <pipeadd3> :
	Found 2-bit shift register for signal <FF_2/q_9>.
	Found 2-bit shift register for signal <FF_2/q_8>.
	Found 2-bit shift register for signal <FF_2/q_7>.
	Found 2-bit shift register for signal <FF_2/q_6>.
	Found 2-bit shift register for signal <FF_2/q_5>.
	Found 2-bit shift register for signal <FF_2/q_4>.
	Found 2-bit shift register for signal <FF_2/q_3>.
	Found 2-bit shift register for signal <FF_2/q_2>.
	Found 2-bit shift register for signal <FF_2/q_1>.
	Found 2-bit shift register for signal <FF_2/q_0>.
Unit <pipeadd3> processed.

=========================================================================
Final Register Report

Macro Statistics
# Registers                                            : 34
 Flip-Flops                                            : 34
# Shift Registers                                      : 10
 2-bit shift register                                  : 10

=========================================================================

=========================================================================
*                           Partition Report                            *
=========================================================================

Partition Implementation Status
-------------------------------

  No Partitions were found in this design.

-------------------------------

=========================================================================
*                            Design Summary                             *
=========================================================================

Top Level Output File Name         : pipeadd3.ngc

Primitive and Black Box Usage:
------------------------------
# BELS                             : 65
#      GND                         : 1
#      LUT1                        : 1
#      LUT2                        : 20
#      MUXCY                       : 21
#      VCC                         : 1
#      XORCY                       : 21
# FlipFlops/Latches                : 44
#      FD                          : 34
#      FDE                         : 10
# Shift Registers                  : 10
#      SRLC16E                     : 10
# Clock Buffers                    : 1
#      BUFGP                       : 1
# IO Buffers                       : 22
#      IBUF                        : 10
#      OBUF                        : 12

Device utilization summary:
---------------------------

Selected Device : 6slx45csg324-3 


Slice Logic Utilization: 
 Number of Slice Registers:              44  out of  54576     0%  
 Number of Slice LUTs:                   31  out of  27288     0%  
    Number used as Logic:                21  out of  27288     0%  
    Number used as Memory:               10  out of   6408     0%  
       Number used as SRL:               10

Slice Logic Distribution: 
 Number of LUT Flip Flop pairs used:     44
   Number with an unused Flip Flop:       0  out of     44     0%  
   Number with an unused LUT:            13  out of     44    29%  
   Number of fully used LUT-FF pairs:    31  out of     44    70%  
   Number of unique control sets:         2

IO Utilization: 
 Number of IOs:                          23
 Number of bonded IOBs:                  23  out of    218    10%  

Specific Feature Utilization:
 Number of BUFG/BUFGCTRLs:                1  out of     16     6%  

---------------------------
Partition Resource Summary:
---------------------------

  No Partitions were found in this design.

---------------------------


=========================================================================
Timing Report

NOTE: THESE TIMING NUMBERS ARE ONLY A SYNTHESIS ESTIMATE.
      FOR ACCURATE TIMING INFORMATION PLEASE REFER TO THE TRACE REPORT
      GENERATED AFTER PLACE-and-ROUTE.

Clock Information:
------------------
-----------------------------------+------------------------+-------+
Clock Signal                       | Clock buffer(FF name)  | Load  |
-----------------------------------+------------------------+-------+
clk                                | BUFGP                  | 54    |
-----------------------------------+------------------------+-------+

Asynchronous Control Signals Information:
----------------------------------------
No asynchronous control signals found in this design

Timing Summary:
---------------
Speed Grade: -3

   Minimum period: 1.935ns (Maximum Frequency: 516.836MHz)
   Minimum input arrival time before clock: 2.883ns
   Maximum output required time after clock: 3.597ns
   Maximum combinational path delay: No path found

Timing Details:
---------------
All values displayed in nanoseconds (ns)

=========================================================================
Timing constraint: Default period analysis for Clock 'clk'
  Clock period: 1.935ns (frequency: 516.836MHz)
  Total number of paths / destination ports: 163 / 44
-------------------------------------------------------------------------
Delay:               1.935ns (Levels of Logic = 12)
  Source:            FF_4/q_0 (FF)
  Destination:       sum2[11]_dff_1_11 (FF)
  Source Clock:      clk rising
  Destination Clock: clk rising

  Data Path: FF_4/q_0 to sum2[11]_dff_1_11
                                Gate     Net
    Cell:in->out      fanout   Delay   Delay  Logical Name (Net Name)
    ----------------------------------------  ------------
     FD:C->Q               1   0.447   0.580  FF_4/q_0 (FF_4/q_0)
     LUT2:I1->O            1   0.205   0.000  SUM2_2/Madd_result_lut<0> (SUM2_2/Madd_result_lut<0>)
     MUXCY:S->O            1   0.172   0.000  SUM2_2/Madd_result_cy<0> (SUM2_2/Madd_result_cy<0>)
     MUXCY:CI->O           1   0.019   0.000  SUM2_2/Madd_result_cy<1> (SUM2_2/Madd_result_cy<1>)
     MUXCY:CI->O           1   0.019   0.000  SUM2_2/Madd_result_cy<2> (SUM2_2/Madd_result_cy<2>)
     MUXCY:CI->O           1   0.019   0.000  SUM2_2/Madd_result_cy<3> (SUM2_2/Madd_result_cy<3>)
     MUXCY:CI->O           1   0.019   0.000  SUM2_2/Madd_result_cy<4> (SUM2_2/Madd_result_cy<4>)
     MUXCY:CI->O           1   0.019   0.000  SUM2_2/Madd_result_cy<5> (SUM2_2/Madd_result_cy<5>)
     MUXCY:CI->O           1   0.019   0.000  SUM2_2/Madd_result_cy<6> (SUM2_2/Madd_result_cy<6>)
     MUXCY:CI->O           1   0.019   0.000  SUM2_2/Madd_result_cy<7> (SUM2_2/Madd_result_cy<7>)
     MUXCY:CI->O           1   0.019   0.000  SUM2_2/Madd_result_cy<8> (SUM2_2/Madd_result_cy<8>)
     MUXCY:CI->O           1   0.019   0.000  SUM2_2/Madd_result_cy<9> (SUM2_2/Madd_result_cy<9>)
     MUXCY:CI->O           1   0.258   0.000  SUM2_2/Madd_result_cy<10> (SUM2_2/Madd_result_cy<10>)
     FD:D                      0.102          sum2[11]_dff_1_11
    ----------------------------------------
    Total                      1.935ns (1.355ns logic, 0.580ns route)
                                       (70.0% logic, 30.0% route)

=========================================================================
Timing constraint: Default OFFSET IN BEFORE for Clock 'clk'
  Total number of paths / destination ports: 270 / 33
-------------------------------------------------------------------------
Offset:              2.883ns (Levels of Logic = 13)
  Source:            column_sum<0> (PAD)
  Destination:       sum2[11]_dff_1_11 (FF)
  Destination Clock: clk rising

  Data Path: column_sum<0> to sum2[11]_dff_1_11
                                Gate     Net
    Cell:in->out      fanout   Delay   Delay  Logical Name (Net Name)
    ----------------------------------------  ------------
     IBUF:I->O             3   1.222   0.755  column_sum_0_IBUF (column_sum_0_IBUF)
     LUT2:I0->O            1   0.203   0.000  SUM2_2/Madd_result_lut<0> (SUM2_2/Madd_result_lut<0>)
     MUXCY:S->O            1   0.172   0.000  SUM2_2/Madd_result_cy<0> (SUM2_2/Madd_result_cy<0>)
     MUXCY:CI->O           1   0.019   0.000  SUM2_2/Madd_result_cy<1> (SUM2_2/Madd_result_cy<1>)
     MUXCY:CI->O           1   0.019   0.000  SUM2_2/Madd_result_cy<2> (SUM2_2/Madd_result_cy<2>)
     MUXCY:CI->O           1   0.019   0.000  SUM2_2/Madd_result_cy<3> (SUM2_2/Madd_result_cy<3>)
     MUXCY:CI->O           1   0.019   0.000  SUM2_2/Madd_result_cy<4> (SUM2_2/Madd_result_cy<4>)
     MUXCY:CI->O           1   0.019   0.000  SUM2_2/Madd_result_cy<5> (SUM2_2/Madd_result_cy<5>)
     MUXCY:CI->O           1   0.019   0.000  SUM2_2/Madd_result_cy<6> (SUM2_2/Madd_result_cy<6>)
     MUXCY:CI->O           1   0.019   0.000  SUM2_2/Madd_result_cy<7> (SUM2_2/Madd_result_cy<7>)
     MUXCY:CI->O           1   0.019   0.000  SUM2_2/Madd_result_cy<8> (SUM2_2/Madd_result_cy<8>)
     MUXCY:CI->O           1   0.019   0.000  SUM2_2/Madd_result_cy<9> (SUM2_2/Madd_result_cy<9>)
     MUXCY:CI->O           1   0.258   0.000  SUM2_2/Madd_result_cy<10> (SUM2_2/Madd_result_cy<10>)
     FD:D                      0.102          sum2[11]_dff_1_11
    ----------------------------------------
    Total                      2.883ns (2.128ns logic, 0.755ns route)
                                       (73.8% logic, 26.2% route)

=========================================================================
Timing constraint: Default OFFSET OUT AFTER for Clock 'clk'
  Total number of paths / destination ports: 12 / 12
-------------------------------------------------------------------------
Offset:              3.597ns (Levels of Logic = 1)
  Source:            sum2[11]_dff_1_11 (FF)
  Destination:       result<11> (PAD)
  Source Clock:      clk rising

  Data Path: sum2[11]_dff_1_11 to result<11>
                                Gate     Net
    Cell:in->out      fanout   Delay   Delay  Logical Name (Net Name)
    ----------------------------------------  ------------
     FD:C->Q               1   0.447   0.579  sum2[11]_dff_1_11 (sum2[11]_dff_1_11)
     OBUF:I->O                 2.571          result_11_OBUF (result<11>)
    ----------------------------------------
    Total                      3.597ns (3.018ns logic, 0.579ns route)
                                       (83.9% logic, 16.1% route)

=========================================================================

Cross Clock Domains Report:
--------------------------

Clock to Setup on destination clock clk
---------------+---------+---------+---------+---------+
               | Src:Rise| Src:Fall| Src:Rise| Src:Fall|
Source Clock   |Dest:Rise|Dest:Rise|Dest:Fall|Dest:Fall|
---------------+---------+---------+---------+---------+
clk            |    1.935|         |         |         |
---------------+---------+---------+---------+---------+

=========================================================================


Total REAL time to Xst completion: 6.00 secs
Total CPU time to Xst completion: 5.93 secs
 
--> 

Total memory usage is 259528 kilobytes

Number of errors   :    0 (   0 filtered)
Number of warnings :    0 (   0 filtered)
Number of infos    :    0 (   0 filtered)

